<?xml version="1.0" encoding="UTF-8"?>
<!-- Generated by org.testng.reporters.JUnitReportReporter -->
<testsuite skipped="1" hostname="DESKTOP-7F3VJB9" name="com.test.dataprovider.TestNG12DataProviderAnnotation" tests="1" failures="0" timestamp="2019-10-11T12:04:52 PDT" time="0.000" errors="0">
  <testcase name="ExpressRegPageTest" time="0.000" classname="com.test.dataprovider.TestNG12DataProviderAnnotation">
    <skipped/>
  </testcase> <!-- ExpressRegPageTest -->
</testsuite> <!-- com.test.dataprovider.TestNG12DataProviderAnnotation -->
