<?xml version="1.0" encoding="UTF-8"?>
<!-- Generated by org.testng.reporters.JUnitReportReporter -->
<testsuite skipped="0" hostname="DESKTOP-7F3VJB9" name="com.test.dataprovider.TestNG13WriteIntoXcellTest" tests="1" failures="0" timestamp="2019-10-10T15:55:43 PDT" time="18.316" errors="0">
  <testcase name="validateCreateNewContact" time="18.316" classname="com.test.dataprovider.TestNG13WriteIntoXcellTest"/>
</testsuite> <!-- com.test.dataprovider.TestNG13WriteIntoXcellTest -->
