<?xml version="1.0" encoding="UTF-8"?>
<!-- Generated by org.testng.reporters.JUnitReportReporter -->
<testsuite skipped="0" hostname="DESKTOP-7F3VJB9" name="com.test.test10.parameterization.parameterization.TestNGParameterizationDataProvider" tests="3" failures="0" timestamp="2019-10-24T10:45:24 PDT" time="0.014" errors="0">
  <testcase name="doLogin" time="0.011" classname="com.test.test10.parameterization.parameterization.TestNGParameterizationDataProvider"/>
  <testcase name="doLogin" time="0.002" classname="com.test.test10.parameterization.parameterization.TestNGParameterizationDataProvider"/>
  <testcase name="doLogin" time="0.001" classname="com.test.test10.parameterization.parameterization.TestNGParameterizationDataProvider"/>
</testsuite> <!-- com.test.test10.parameterization.parameterization.TestNGParameterizationDataProvider -->
