<?xml version="1.0" encoding="UTF-8"?>
<!-- Generated by org.testng.reporters.JUnitReportReporter -->
<testsuite skipped="0" hostname="DESKTOP-7F3VJB9" name="com.test.TestNG5ExceptionTimeout" tests="1" failures="0" timestamp="2019-10-04T10:56:07 PDT" time="0.020" errors="0">
  <testcase name="test1" time="0.020" classname="com.test.TestNG5ExceptionTimeout"/>
</testsuite> <!-- com.test.TestNG5ExceptionTimeout -->
