<?xml version="1.0" encoding="UTF-8"?>
<!-- Generated by org.testng.reporters.JUnitReportReporter -->
<testsuite skipped="0" hostname="DESKTOP-7F3VJB9" name="com.test.TestNG8DataProviderTest" tests="1" failures="0" timestamp="2019-10-04T14:42:39 PDT" time="6.227" errors="0">
  <testcase name="googleTitleTest" time="6.227" classname="com.test.TestNG8DataProviderTest"/>
</testsuite> <!-- com.test.TestNG8DataProviderTest -->
