<?xml version="1.0" encoding="UTF-8"?>
<!-- Generated by org.testng.reporters.JUnitReportReporter -->
<testsuite skipped="0" hostname="DESKTOP-7F3VJB9" name="com.test.TestNG02GoogleTest" tests="6" failures="0" timestamp="2019-10-17T09:24:00 PDT" time="0.277" errors="0">
  <testcase name="googleTitleTest" time="0.013" classname="com.test.TestNG02GoogleTest"/>
  <testcase name="googleLogoTest" time="0.082" classname="com.test.TestNG02GoogleTest"/>
  <testcase name="gmailLinkTest" time="0.061" classname="com.test.TestNG02GoogleTest"/>
  <testcase name="imagesLinkTest" time="0.039" classname="com.test.TestNG02GoogleTest"/>
  <testcase name="aboutLinkTest" time="0.040" classname="com.test.TestNG02GoogleTest"/>
  <testcase name="storeLinkTest" time="0.042" classname="com.test.TestNG02GoogleTest"/>
</testsuite> <!-- com.test.TestNG02GoogleTest -->
