<?xml version="1.0" encoding="UTF-8"?>
<!-- Generated by org.testng.reporters.JUnitReportReporter -->
<testsuite skipped="0" hostname="DESKTOP-7F3VJB9" name="com.test.dataprovider.TestNG12MyDataProviderAnnotation" tests="3" failures="0" timestamp="2019-10-12T17:04:30 PDT" time="52.809" errors="0">
  <testcase name="expressRegPageTest" time="16.910" classname="com.test.dataprovider.TestNG12MyDataProviderAnnotation"/>
  <testcase name="expressRegPageTest" time="17.899" classname="com.test.dataprovider.TestNG12MyDataProviderAnnotation"/>
  <testcase name="expressRegPageTest" time="18.000" classname="com.test.dataprovider.TestNG12MyDataProviderAnnotation"/>
</testsuite> <!-- com.test.dataprovider.TestNG12MyDataProviderAnnotation -->
