<?xml version="1.0" encoding="UTF-8"?>
<!-- Generated by org.testng.reporters.JUnitReportReporter -->
<testsuite skipped="0" hostname="DESKTOP-7F3VJB9" name="com.test.TestNG6GoogleTitleTest" tests="3" failures="0" timestamp="2019-10-04T16:03:25 PDT" time="35.743" errors="0">
  <testcase name="regPageTest" time="16.188" classname="com.test.TestNG6GoogleTitleTest"/>
  <testcase name="googleTitleTest" time="8.265" classname="com.test.TestNG6GoogleTitleTest"/>
  <testcase name="googleLogoTest" time="11.290" classname="com.test.TestNG6GoogleTitleTest"/>
</testsuite> <!-- com.test.TestNG6GoogleTitleTest -->
