<?xml version="1.0" encoding="UTF-8"?>
<!-- Generated by org.testng.reporters.JUnitReportReporter -->
<testsuite skipped="0" hostname="DESKTOP-7F3VJB9" name="com.test.dataprovider.TestNG9ParameterizedExpresssRegTest" tests="1" failures="0" timestamp="2019-10-09T21:09:16 PDT" time="16.056" errors="0">
  <testcase name="validateCreateNewContact" time="16.056" classname="com.test.dataprovider.TestNG9ParameterizedExpresssRegTest"/>
</testsuite> <!-- com.test.dataprovider.TestNG9ParameterizedExpresssRegTest -->
