<?xml version="1.0" encoding="UTF-8"?>
<!-- Generated by org.testng.reporters.JUnitReportReporter -->
<testsuite skipped="0" hostname="DESKTOP-7F3VJB9" name="com.test.test12.factoryannotation.factorywithdataprovider.DataProviderFactory" tests="4" failures="0" timestamp="2019-10-31T14:37:27 PDT" time="0.017" errors="0">
  <testcase name="firstMethodTest" time="0.009" classname="com.test.test12.factoryannotation.factorywithdataprovider.DataProviderFactory"/>
  <testcase name="firstMethodTest" time="0.002" classname="com.test.test12.factoryannotation.factorywithdataprovider.DataProviderFactory"/>
  <testcase name="secondMethodTest" time="0.003" classname="com.test.test12.factoryannotation.factorywithdataprovider.DataProviderFactory"/>
  <testcase name="secondMethodTest" time="0.003" classname="com.test.test12.factoryannotation.factorywithdataprovider.DataProviderFactory"/>
</testsuite> <!-- com.test.test12.factoryannotation.factorywithdataprovider.DataProviderFactory -->
