<?xml version="1.0" encoding="UTF-8"?>
<!-- Generated by org.testng.reporters.JUnitReportReporter -->
<testsuite skipped="0" hostname="DESKTOP-7F3VJB9" name="com.test.test3.xcel.WriteXcelIntoW3WebFormTest" tests="1" failures="0" timestamp="2019-10-23T11:48:59 PDT" time="0.724" errors="0">
  <testcase name="enterRegInfo" time="0.724" classname="com.test.test3.xcel.WriteXcelIntoW3WebFormTest"/>
</testsuite> <!-- com.test.test3.xcel.WriteXcelIntoW3WebFormTest -->
