<?xml version="1.0" encoding="UTF-8"?>
<!-- Generated by org.testng.reporters.JUnitReportReporter -->
<testsuite skipped="1" hostname="DESKTOP-7F3VJB9" name="com.test.test01.annotations.sequence.TestNG01AnnotationSequenceTest" tests="3" failures="0" timestamp="2019-10-29T12:32:04 PDT" time="0.006" errors="0">
  <testcase name="searchTest" time="0.004" classname="com.test.test01.annotations.sequence.TestNG01AnnotationSequenceTest"/>
  <testcase name="googleTitleTest" time="0.002" classname="com.test.test01.annotations.sequence.TestNG01AnnotationSequenceTest"/>
  <testcase name="googleLogoTest" classname="com.test.test01.annotations.sequence.TestNG01AnnotationSequenceTest">
    <skipped/>
  </testcase> <!-- googleLogoTest -->
</testsuite> <!-- com.test.test01.annotations.sequence.TestNG01AnnotationSequenceTest -->
