<?xml version="1.0" encoding="UTF-8"?>
<!-- Generated by org.testng.reporters.JUnitReportReporter -->
<testsuite skipped="0" hostname="DESKTOP-7F3VJB9" name="com.test.test10.parameterization.factory3.Factory2Test" tests="1" failures="0" timestamp="2019-10-29T17:01:09 PDT" time="0.011" errors="0">
  <testcase name="Factory2Method" time="0.011" classname="com.test.test10.parameterization.factory3.Factory2Test"/>
</testsuite> <!-- com.test.test10.parameterization.factory3.Factory2Test -->
