<?xml version="1.0" encoding="UTF-8"?>
<!-- Generated by org.testng.reporters.JUnitReportReporter -->
<testsuite skipped="0" hostname="DESKTOP-7F3VJB9" name="com.test.TestNG1AnnotationSequenceTest" tests="3" failures="0" timestamp="2019-10-04T14:47:56 PDT" time="0.012" errors="0">
  <testcase name="googleTitleTest" time="0.002" classname="com.test.TestNG1AnnotationSequenceTest"/>
  <testcase name="searchTest" time="0.005" classname="com.test.TestNG1AnnotationSequenceTest"/>
  <testcase name="googleLogoTest" time="0.005" classname="com.test.TestNG1AnnotationSequenceTest"/>
</testsuite> <!-- com.test.TestNG1AnnotationSequenceTest -->
