<?xml version="1.0" encoding="UTF-8"?>
<!-- Generated by org.testng.reporters.JUnitReportReporter -->
<testsuite skipped="0" hostname="DESKTOP-7F3VJB9" name="com.test.GoogleTest2" tests="6" failures="0" timestamp="2019-10-03T17:12:43 PDT" time="33.038" errors="0">
  <testcase name="googleTitleTest" time="5.337" classname="com.test.GoogleTest2"/>
  <testcase name="googleLogoTest" time="5.303" classname="com.test.GoogleTest2"/>
  <testcase name="gmailLinkTest" time="6.189" classname="com.test.GoogleTest2"/>
  <testcase name="imagesLinkTest" time="5.456" classname="com.test.GoogleTest2"/>
  <testcase name="aboutLinkTest" time="5.458" classname="com.test.GoogleTest2"/>
  <testcase name="storeLinkTest" time="5.295" classname="com.test.GoogleTest2"/>
</testsuite> <!-- com.test.GoogleTest2 -->
