<?xml version="1.0" encoding="UTF-8"?>
<!-- Generated by org.testng.reporters.JUnitReportReporter -->
<testsuite skipped="0" hostname="DESKTOP-7F3VJB9" name="com.test.Testng1AnnotationSequence" tests="3" failures="0" timestamp="2019-10-03T14:02:48 PDT" time="0.022" errors="0">
  <testcase name="searchTest" time="0.006" classname="com.test.Testng1AnnotationSequence"/>
  <testcase name="googleLogoTest" time="0.013" classname="com.test.Testng1AnnotationSequence"/>
  <testcase name="googleTitleTest" time="0.003" classname="com.test.Testng1AnnotationSequence"/>
</testsuite> <!-- com.test.Testng1AnnotationSequence -->
