<?xml version="1.0" encoding="UTF-8"?>
<!-- Generated by org.testng.reporters.JUnitReportReporter -->
<testsuite skipped="0" hostname="DESKTOP-7F3VJB9" name="com.test.test4.dataprovider.TestNG13MyDataProviderAnnotation" tests="3" failures="0" timestamp="2019-10-17T11:20:52 PDT" time="2.744" errors="0">
  <testcase name="expressRegPageTest" time="0.957" classname="com.test.test4.dataprovider.TestNG13MyDataProviderAnnotation"/>
  <testcase name="expressRegPageTest" time="0.798" classname="com.test.test4.dataprovider.TestNG13MyDataProviderAnnotation"/>
  <testcase name="expressRegPageTest" time="0.989" classname="com.test.test4.dataprovider.TestNG13MyDataProviderAnnotation"/>
</testsuite> <!-- com.test.test4.dataprovider.TestNG13MyDataProviderAnnotation -->
