<?xml version="1.0" encoding="UTF-8"?>
<!-- Generated by org.testng.reporters.JUnitReportReporter -->
<testsuite skipped="0" hostname="DESKTOP-7F3VJB9" name="com.test.test4.dataprovider.TestNG14MyDataProviderIterators" tests="3" failures="0" timestamp="2019-10-17T11:21:20 PDT" time="2.621" errors="0">
  <testcase name="expressRegPageTest" time="0.940" classname="com.test.test4.dataprovider.TestNG14MyDataProviderIterators"/>
  <testcase name="expressRegPageTest" time="0.825" classname="com.test.test4.dataprovider.TestNG14MyDataProviderIterators"/>
  <testcase name="expressRegPageTest" time="0.856" classname="com.test.test4.dataprovider.TestNG14MyDataProviderIterators"/>
</testsuite> <!-- com.test.test4.dataprovider.TestNG14MyDataProviderIterators -->
