<?xml version="1.0" encoding="UTF-8"?>
<!-- Generated by org.testng.reporters.JUnitReportReporter -->
<testsuite skipped="0" hostname="DESKTOP-7F3VJB9" name="com.test.TestNG18WriteWebTableIntoXcel" tests="5" failures="0" timestamp="2019-10-15T13:02:51 PDT" time="7.669" errors="0">
  <testcase name="writeCountryColumnIntoXcelTest" time="1.491" classname="com.test.TestNG18WriteWebTableIntoXcel"/>
  <testcase name="writeTableIntoXcelSingleForLoopTest" time="1.030" classname="com.test.TestNG18WriteWebTableIntoXcel"/>
  <testcase name="writeTableIntoXcelNestedForLoopTest" time="3.503" classname="com.test.TestNG18WriteWebTableIntoXcel"/>
  <testcase name="writeCompanyColumnIntoXcelTest" time="0.998" classname="com.test.TestNG18WriteWebTableIntoXcel"/>
  <testcase name="writeContactColumnIntoXcelTest" time="0.647" classname="com.test.TestNG18WriteWebTableIntoXcel"/>
</testsuite> <!-- com.test.TestNG18WriteWebTableIntoXcel -->
