<?xml version="1.0" encoding="UTF-8"?>
<!-- Generated by org.testng.reporters.JUnitReportReporter -->
<testsuite skipped="0" hostname="DESKTOP-7F3VJB9" name="com.test.dataprovider.TestNG14DataproviderAnnotation" tests="3" failures="0" timestamp="2019-10-12T08:25:32 PDT" time="53.481" errors="0">
  <testcase name="expressRegPageTest" time="18.486" classname="com.test.dataprovider.TestNG14DataproviderAnnotation"/>
  <testcase name="expressRegPageTest" time="17.597" classname="com.test.dataprovider.TestNG14DataproviderAnnotation"/>
  <testcase name="expressRegPageTest" time="17.398" classname="com.test.dataprovider.TestNG14DataproviderAnnotation"/>
</testsuite> <!-- com.test.dataprovider.TestNG14DataproviderAnnotation -->
