<?xml version="1.0" encoding="UTF-8"?>
<!-- Generated by org.testng.reporters.JUnitReportReporter -->
<testsuite skipped="1" hostname="DESKTOP-7F3VJB9" name="com.test.test02.annotations.enabled.DisableTestCase" tests="4" failures="0" timestamp="2019-10-29T12:32:04 PDT" time="0.010" errors="0">
  <testcase name="bookFlight_OneWay_TC4" time="0.002" classname="com.test.test02.annotations.enabled.DisableTestCase"/>
  <testcase name="bookFlight_OneWay_TC3" time="0.006" classname="com.test.test02.annotations.enabled.DisableTestCase"/>
  <testcase name="bookFlight_RoundTrip_TC2" time="0.002" classname="com.test.test02.annotations.enabled.DisableTestCase"/>
  <testcase name="bookFlight_RoundTrip_TC1" classname="com.test.test02.annotations.enabled.DisableTestCase">
    <skipped/>
  </testcase> <!-- bookFlight_RoundTrip_TC1 -->
</testsuite> <!-- com.test.test02.annotations.enabled.DisableTestCase -->
