<?xml version="1.0" encoding="UTF-8"?>
<!-- Generated by org.testng.reporters.JUnitReportReporter -->
<testsuite skipped="0" hostname="DESKTOP-7F3VJB9" name="com.test.test02.annotations.dependsonmethods.TestNG03DependencyTest" tests="3" failures="0" timestamp="2019-10-29T12:32:04 PDT" time="0.003" errors="0">
  <testcase name="homePageTest" time="0.002" classname="com.test.test02.annotations.dependsonmethods.TestNG03DependencyTest"/>
  <testcase name="loginTest" time="0.000" classname="com.test.test02.annotations.dependsonmethods.TestNG03DependencyTest"/>
  <testcase name="searchPageTest" time="0.001" classname="com.test.test02.annotations.dependsonmethods.TestNG03DependencyTest"/>
</testsuite> <!-- com.test.test02.annotations.dependsonmethods.TestNG03DependencyTest -->
