<?xml version="1.0" encoding="UTF-8"?>
<!-- Generated by org.testng.reporters.JUnitReportReporter -->
<testsuite skipped="0" hostname="DESKTOP-7F3VJB9" name="com.test.TestngBasics" tests="3" failures="0" timestamp="2019-10-03T13:58:19 PDT" time="0.016" errors="0">
  <testcase name="searchTest" time="0.002" classname="com.test.TestngBasics"/>
  <testcase name="googleLogoTest" time="0.011" classname="com.test.TestngBasics"/>
  <testcase name="googleTitleTest" time="0.003" classname="com.test.TestngBasics"/>
</testsuite> <!-- com.test.TestngBasics -->
