<?xml version="1.0" encoding="UTF-8"?>
<!-- Generated by org.testng.reporters.JUnitReportReporter -->
<testsuite skipped="0" hostname="DESKTOP-7F3VJB9" name="com.test.test10.parameterization.xcel.reading.TestNG09XcelReaderExpressRegTest" tests="1" failures="0" timestamp="2019-10-28T12:36:45 PDT" time="24.848" errors="0">
  <testcase name="ExpressRegPageTest" time="24.848" classname="com.test.test10.parameterization.xcel.reading.TestNG09XcelReaderExpressRegTest"/>
</testsuite> <!-- com.test.test10.parameterization.xcel.reading.TestNG09XcelReaderExpressRegTest -->
