<?xml version="1.0" encoding="UTF-8"?>
<!-- Generated by org.testng.reporters.JUnitReportReporter -->
<testsuite skipped="0" hostname="DESKTOP-7F3VJB9" name="com.parameters.TestNG7ParametersTest" tests="1" failures="0" timestamp="2019-10-04T14:17:27 PDT" time="13.649" errors="0">
  <testcase name="yahooLoginTest" time="13.649" classname="com.parameters.TestNG7ParametersTest"/>
</testsuite> <!-- com.parameters.TestNG7ParametersTest -->
