<?xml version="1.0" encoding="UTF-8"?>
<!-- Generated by org.testng.reporters.JUnitReportReporter -->
<testsuite skipped="0" hostname="DESKTOP-7F3VJB9" name="com.test.test10.parameterization.factory2.Factory2Test" tests="1" failures="0" timestamp="2019-10-29T19:32:17 PDT" time="0.014" errors="0">
  <testcase name="Factory2Method" time="0.014" classname="com.test.test10.parameterization.factory2.Factory2Test"/>
</testsuite> <!-- com.test.test10.parameterization.factory2.Factory2Test -->
