<?xml version="1.0" encoding="UTF-8"?>
<!-- Generated by org.testng.reporters.JUnitReportReporter -->
<testsuite skipped="0" hostname="DESKTOP-7F3VJB9" name="com.test.dataprovider.TestNG11ParameterizedArrayExpressTest" tests="1" failures="0" timestamp="2019-10-10T12:46:49 PDT" time="18.263" errors="0">
  <testcase name="validateCreateNewContact" time="18.263" classname="com.test.dataprovider.TestNG11ParameterizedArrayExpressTest"/>
</testsuite> <!-- com.test.dataprovider.TestNG11ParameterizedArrayExpressTest -->
