<?xml version="1.0" encoding="UTF-8"?>
<!-- Generated by org.testng.reporters.JUnitReportReporter -->
<testsuite skipped="0" hostname="DESKTOP-7F3VJB9" name="com.test.test10.parameterization.xml.TestNG01ParametersFromXmlTest" tests="1" failures="0" timestamp="2019-10-24T12:32:45 PDT" time="19.232" errors="0">
  <testcase name="yahooLoginTest" time="19.232" classname="com.test.test10.parameterization.xml.TestNG01ParametersFromXmlTest"/>
</testsuite> <!-- com.test.test10.parameterization.xml.TestNG01ParametersFromXmlTest -->
