<?xml version="1.0" encoding="UTF-8"?>
<!-- Generated by org.testng.reporters.JUnitReportReporter -->
<testsuite skipped="0" hostname="DESKTOP-7F3VJB9" name="com.test.test10.parameterization.xcel.reading.TestNGParameterizationExcel" tests="7" failures="0" timestamp="2019-10-24T11:26:55 PDT" time="0.022" errors="0">
  <testcase name="testData" time="0.002" classname="com.test.test10.parameterization.xcel.reading.TestNGParameterizationExcel"/>
  <testcase name="testData" time="0.002" classname="com.test.test10.parameterization.xcel.reading.TestNGParameterizationExcel"/>
  <testcase name="testData" time="0.002" classname="com.test.test10.parameterization.xcel.reading.TestNGParameterizationExcel"/>
  <testcase name="testData" time="0.002" classname="com.test.test10.parameterization.xcel.reading.TestNGParameterizationExcel"/>
  <testcase name="testData" time="0.001" classname="com.test.test10.parameterization.xcel.reading.TestNGParameterizationExcel"/>
  <testcase name="testData" time="0.003" classname="com.test.test10.parameterization.xcel.reading.TestNGParameterizationExcel"/>
  <testcase name="testData" time="0.010" classname="com.test.test10.parameterization.xcel.reading.TestNGParameterizationExcel"/>
</testsuite> <!-- com.test.test10.parameterization.xcel.reading.TestNGParameterizationExcel -->
