<?xml version="1.0" encoding="UTF-8"?>
<!-- Generated by org.testng.reporters.JUnitReportReporter -->
<testsuite skipped="0" hostname="DESKTOP-7F3VJB9" name="com.test.test11.paralleltest.TestParallelWithXml" tests="2" failures="0" timestamp="2019-10-24T14:02:01 PDT" time="4.072" errors="0">
  <testcase name="doLogin" time="2.036" classname="com.test.test11.paralleltest.TestParallelWithXml"/>
  <testcase name="doLogin" time="2.036" classname="com.test.test11.paralleltest.TestParallelWithXml"/>
</testsuite> <!-- com.test.test11.paralleltest.TestParallelWithXml -->
