<?xml version="1.0" encoding="UTF-8"?>
<!-- Generated by org.testng.reporters.JUnitReportReporter -->
<testsuite skipped="0" hostname="DESKTOP-7F3VJB9" name="com.test.dataprovider.TestNG13MyDataProviderIterators" tests="3" failures="0" timestamp="2019-10-14T12:54:17 PDT" time="3.662" errors="0">
  <testcase name="expressRegPageTest" time="1.038" classname="com.test.dataprovider.TestNG13MyDataProviderIterators"/>
  <testcase name="expressRegPageTest" time="1.417" classname="com.test.dataprovider.TestNG13MyDataProviderIterators"/>
  <testcase name="expressRegPageTest" time="1.207" classname="com.test.dataprovider.TestNG13MyDataProviderIterators"/>
</testsuite> <!-- com.test.dataprovider.TestNG13MyDataProviderIterators -->
