<?xml version="1.0" encoding="UTF-8"?>
<!-- Generated by org.testng.reporters.JUnitReportReporter -->
<testsuite skipped="0" hostname="DESKTOP-7F3VJB9" name="com.test.dataprovider.TestNG08DataProviderW3SchoolsTest" tests="1" failures="0" timestamp="2019-10-17T10:58:45 PDT" time="1.324" errors="0">
  <testcase name="enterRegInfo" time="1.324" classname="com.test.dataprovider.TestNG08DataProviderW3SchoolsTest"/>
</testsuite> <!-- com.test.dataprovider.TestNG08DataProviderW3SchoolsTest -->
