<?xml version="1.0" encoding="UTF-8"?>
<!-- Generated by org.testng.reporters.JUnitReportReporter -->
<testsuite skipped="0" hostname="DESKTOP-7F3VJB9" name="com.test.TestNG5ExceptionTimeoutExpectedException" tests="1" failures="0" timestamp="2019-10-04T14:47:56 PDT" time="0.001" errors="0">
  <testcase name="test1" time="0.001" classname="com.test.TestNG5ExceptionTimeoutExpectedException"/>
</testsuite> <!-- com.test.TestNG5ExceptionTimeoutExpectedException -->
