<?xml version="1.0" encoding="UTF-8"?>
<!-- Generated by org.testng.reporters.JUnitReportReporter -->
<testsuite skipped="0" hostname="DESKTOP-7F3VJB9" name="com.test.google.TestNG02GoogleTest" tests="6" failures="0" timestamp="2019-10-17T09:25:30 PDT" time="0.282" errors="0">
  <testcase name="googleTitleTest" time="0.013" classname="com.test.google.TestNG02GoogleTest"/>
  <testcase name="googleLogoTest" time="0.080" classname="com.test.google.TestNG02GoogleTest"/>
  <testcase name="gmailLinkTest" time="0.059" classname="com.test.google.TestNG02GoogleTest"/>
  <testcase name="imagesLinkTest" time="0.041" classname="com.test.google.TestNG02GoogleTest"/>
  <testcase name="aboutLinkTest" time="0.046" classname="com.test.google.TestNG02GoogleTest"/>
  <testcase name="storeLinkTest" time="0.043" classname="com.test.google.TestNG02GoogleTest"/>
</testsuite> <!-- com.test.google.TestNG02GoogleTest -->
