<?xml version="1.0" encoding="UTF-8"?>
<!-- Generated by org.testng.reporters.JUnitReportReporter -->
<testsuite skipped="0" hostname="DESKTOP-7F3VJB9" name="com.test.TestNG04InvocationCountTest" tests="10" failures="0" timestamp="2019-10-17T09:27:19 PDT" time="0.024" errors="0">
  <testcase name="sum" time="0.002" classname="com.test.TestNG04InvocationCountTest"/>
  <testcase name="sum" time="0.001" classname="com.test.TestNG04InvocationCountTest"/>
  <testcase name="sum" time="0.001" classname="com.test.TestNG04InvocationCountTest"/>
  <testcase name="sum" time="0.001" classname="com.test.TestNG04InvocationCountTest"/>
  <testcase name="sum" time="0.002" classname="com.test.TestNG04InvocationCountTest"/>
  <testcase name="sum" time="0.001" classname="com.test.TestNG04InvocationCountTest"/>
  <testcase name="sum" time="0.002" classname="com.test.TestNG04InvocationCountTest"/>
  <testcase name="sum" time="0.011" classname="com.test.TestNG04InvocationCountTest"/>
  <testcase name="sum" time="0.002" classname="com.test.TestNG04InvocationCountTest"/>
  <testcase name="sum" time="0.001" classname="com.test.TestNG04InvocationCountTest"/>
</testsuite> <!-- com.test.TestNG04InvocationCountTest -->
