<?xml version="1.0" encoding="UTF-8"?>
<!-- Generated by org.testng.reporters.JUnitReportReporter -->
<testsuite skipped="0" hostname="DESKTOP-7F3VJB9" name="com.test.test01.annotationsequence.TestCase1" tests="2" failures="0" timestamp="2019-10-23T15:47:20 PDT" time="0.013" errors="0">
  <testcase name="doUserRegistration" time="0.007" classname="com.test.test01.annotationsequence.TestCase1"/>
  <testcase name="doLogin" time="0.006" classname="com.test.test01.annotationsequence.TestCase1"/>
</testsuite> <!-- com.test.test01.annotationsequence.TestCase1 -->
