<?xml version="1.0" encoding="UTF-8"?>
<!-- Generated by org.testng.reporters.JUnitReportReporter -->
<testsuite skipped="0" hostname="DESKTOP-7F3VJB9" name="com.test.TestNG18WriteWebTableIntoXcel" tests="5" failures="0" timestamp="2019-10-15T14:22:40 PDT" time="9.385" errors="0">
  <testcase name="writeCountryColumnIntoXcelTest" time="0.988" classname="com.test.TestNG18WriteWebTableIntoXcel"/>
  <testcase name="writeTableIntoXcelNestedForLoopTest" time="3.091" classname="com.test.TestNG18WriteWebTableIntoXcel"/>
  <testcase name="writeContactColumnIntoXcelTest" time="1.084" classname="com.test.TestNG18WriteWebTableIntoXcel"/>
  <testcase name="writeCompanyColumnIntoXcelTest" time="3.114" classname="com.test.TestNG18WriteWebTableIntoXcel"/>
  <testcase name="writeTableIntoXcelSingleForLoopTest" time="1.108" classname="com.test.TestNG18WriteWebTableIntoXcel"/>
</testsuite> <!-- com.test.TestNG18WriteWebTableIntoXcel -->
