<?xml version="1.0" encoding="UTF-8"?>
<!-- Generated by org.testng.reporters.JUnitReportReporter -->
<testsuite skipped="0" hostname="DESKTOP-7F3VJB9" name="com.test.test10.parameterization.xml.TestNG02ParametersFromXML" tests="2" failures="0" timestamp="2019-10-24T12:45:57 PDT" time="0.011" errors="0">
  <testcase name="getBrowser" time="0.001" classname="com.test.test10.parameterization.xml.TestNG02ParametersFromXML"/>
  <testcase name="getBrowser" time="0.010" classname="com.test.test10.parameterization.xml.TestNG02ParametersFromXML"/>
</testsuite> <!-- com.test.test10.parameterization.xml.TestNG02ParametersFromXML -->
