<?xml version="1.0" encoding="UTF-8"?>
<!-- Generated by org.testng.reporters.JUnitReportReporter -->
<testsuite skipped="0" hostname="DESKTOP-7F3VJB9" name="com.test.test10.parameterization.dataprovider.factory.TestFactoryAnnotation" tests="25" failures="0" timestamp="2019-10-29T15:40:26 PDT" time="0.037" errors="0">
  <testcase name="TC1" time="0.001" classname="com.test.test10.parameterization.dataprovider.factory.TestFactoryAnnotation"/>
  <testcase name="TC4" time="0.001" classname="com.test.test10.parameterization.dataprovider.factory.TestFactoryAnnotation"/>
  <testcase name="TC2" time="0.001" classname="com.test.test10.parameterization.dataprovider.factory.TestFactoryAnnotation"/>
  <testcase name="TC3" time="0.001" classname="com.test.test10.parameterization.dataprovider.factory.TestFactoryAnnotation"/>
  <testcase name="TC1" time="0.002" classname="com.test.test10.parameterization.dataprovider.factory.TestFactoryAnnotation"/>
  <testcase name="TC1" time="0.011" classname="com.test.test10.parameterization.dataprovider.factory.TestFactoryAnnotation"/>
  <testcase name="TC3" time="0.001" classname="com.test.test10.parameterization.dataprovider.factory.TestFactoryAnnotation"/>
  <testcase name="TC4" time="0.001" classname="com.test.test10.parameterization.dataprovider.factory.TestFactoryAnnotation"/>
  <testcase name="TC3" time="0.001" classname="com.test.test10.parameterization.dataprovider.factory.TestFactoryAnnotation"/>
  <testcase name="TC2" time="0.002" classname="com.test.test10.parameterization.dataprovider.factory.TestFactoryAnnotation"/>
  <testcase name="TC3" time="0.001" classname="com.test.test10.parameterization.dataprovider.factory.TestFactoryAnnotation"/>
  <testcase name="TC3" time="0.001" classname="com.test.test10.parameterization.dataprovider.factory.TestFactoryAnnotation"/>
  <testcase name="TC5" time="0.001" classname="com.test.test10.parameterization.dataprovider.factory.TestFactoryAnnotation"/>
  <testcase name="TC5" time="0.001" classname="com.test.test10.parameterization.dataprovider.factory.TestFactoryAnnotation"/>
  <testcase name="TC2" time="0.001" classname="com.test.test10.parameterization.dataprovider.factory.TestFactoryAnnotation"/>
  <testcase name="TC5" time="0.001" classname="com.test.test10.parameterization.dataprovider.factory.TestFactoryAnnotation"/>
  <testcase name="TC2" time="0.001" classname="com.test.test10.parameterization.dataprovider.factory.TestFactoryAnnotation"/>
  <testcase name="TC5" time="0.001" classname="com.test.test10.parameterization.dataprovider.factory.TestFactoryAnnotation"/>
  <testcase name="TC4" time="0.000" classname="com.test.test10.parameterization.dataprovider.factory.TestFactoryAnnotation"/>
  <testcase name="TC2" time="0.001" classname="com.test.test10.parameterization.dataprovider.factory.TestFactoryAnnotation"/>
  <testcase name="TC1" time="0.002" classname="com.test.test10.parameterization.dataprovider.factory.TestFactoryAnnotation"/>
  <testcase name="TC4" time="0.001" classname="com.test.test10.parameterization.dataprovider.factory.TestFactoryAnnotation"/>
  <testcase name="TC5" time="0.001" classname="com.test.test10.parameterization.dataprovider.factory.TestFactoryAnnotation"/>
  <testcase name="TC4" time="0.001" classname="com.test.test10.parameterization.dataprovider.factory.TestFactoryAnnotation"/>
  <testcase name="TC1" time="0.001" classname="com.test.test10.parameterization.dataprovider.factory.TestFactoryAnnotation"/>
</testsuite> <!-- com.test.test10.parameterization.dataprovider.factory.TestFactoryAnnotation -->
