<?xml version="1.0" encoding="UTF-8"?>
<!-- Generated by org.testng.reporters.JUnitReportReporter -->
<testsuite skipped="0" hostname="DESKTOP-7F3VJB9" name="com.test.google.TestNG06GoogleTitleTest" tests="2" failures="0" timestamp="2019-10-17T09:26:13 PDT" time="0.087" errors="0">
  <testcase name="googleTitleTest" time="0.013" classname="com.test.google.TestNG06GoogleTitleTest"/>
  <testcase name="googleLogoTest" time="0.074" classname="com.test.google.TestNG06GoogleTitleTest"/>
</testsuite> <!-- com.test.google.TestNG06GoogleTitleTest -->
