<?xml version="1.0" encoding="UTF-8"?>
<!-- Generated by org.testng.reporters.JUnitReportReporter -->
<testsuite skipped="0" hostname="DESKTOP-7F3VJB9" name="com.test.dataprovider.TestNG12MyDataProviderAnnotation" tests="3" failures="0" timestamp="2019-10-14T11:43:21 PDT" time="3.138" errors="0">
  <testcase name="expressRegPageTest" time="1.124" classname="com.test.dataprovider.TestNG12MyDataProviderAnnotation"/>
  <testcase name="expressRegPageTest" time="1.013" classname="com.test.dataprovider.TestNG12MyDataProviderAnnotation"/>
  <testcase name="expressRegPageTest" time="1.001" classname="com.test.dataprovider.TestNG12MyDataProviderAnnotation"/>
</testsuite> <!-- com.test.dataprovider.TestNG12MyDataProviderAnnotation -->
