<?xml version="1.0" encoding="UTF-8"?>
<!-- Generated by org.testng.reporters.JUnitReportReporter -->
<testsuite skipped="0" hostname="DESKTOP-7F3VJB9" name="com.test.TestNG18WriteWebTableIntoXcel" tests="4" failures="0" timestamp="2019-10-15T12:26:37 PDT" time="6.359" errors="0">
  <testcase name="writeCountryColumnIntoXcelTest" time="1.268" classname="com.test.TestNG18WriteWebTableIntoXcel"/>
  <testcase name="writeWholeTableIntoXcelTest" time="3.257" classname="com.test.TestNG18WriteWebTableIntoXcel"/>
  <testcase name="writeCompanyColumnIntoXcelTest" time="0.931" classname="com.test.TestNG18WriteWebTableIntoXcel"/>
  <testcase name="writeContactColumnIntoXcelTest" time="0.903" classname="com.test.TestNG18WriteWebTableIntoXcel"/>
</testsuite> <!-- com.test.TestNG18WriteWebTableIntoXcel -->
