<?xml version="1.0" encoding="UTF-8"?>
<!-- Generated by org.testng.reporters.JUnitReportReporter -->
<testsuite skipped="0" hostname="DESKTOP-7F3VJB9" name="com.test.test3.xcel.TestNG18WriteWebTableIntoXcel" tests="5" failures="0" timestamp="2019-10-23T11:40:29 PDT" time="62.421" errors="0">
  <testcase name="writeCompanyColumnIntoXcelTest" time="2.649" classname="com.test.test3.xcel.TestNG18WriteWebTableIntoXcel"/>
  <testcase name="writeTableIntoXcelNestedForLoopTest" time="26.360" classname="com.test.test3.xcel.TestNG18WriteWebTableIntoXcel"/>
  <testcase name="writeContactColumnIntoXcelTest" time="1.710" classname="com.test.test3.xcel.TestNG18WriteWebTableIntoXcel"/>
  <testcase name="writeTableIntoXcelSingleForLoopTest" time="29.634" classname="com.test.test3.xcel.TestNG18WriteWebTableIntoXcel"/>
  <testcase name="writeCountryColumnIntoXcelTest" time="2.068" classname="com.test.test3.xcel.TestNG18WriteWebTableIntoXcel"/>
</testsuite> <!-- com.test.test3.xcel.TestNG18WriteWebTableIntoXcel -->
