<?xml version="1.0" encoding="UTF-8"?>
<!-- Generated by org.testng.reporters.JUnitReportReporter -->
<testsuite skipped="0" hostname="DESKTOP-7F3VJB9" name="com.test.test02.annotations.includeexclude.methods.FlightStatus" tests="1" failures="0" timestamp="2019-10-29T12:15:27 PDT" time="0.002" errors="0">
  <testcase name="flightStatus_TC2" time="0.002" classname="com.test.test02.annotations.includeexclude.methods.FlightStatus"/>
</testsuite> <!-- com.test.test02.annotations.includeexclude.methods.FlightStatus -->
