<?xml version="1.0" encoding="UTF-8"?>
<!-- Generated by org.testng.reporters.JUnitReportReporter -->
<testsuite skipped="0" hostname="DESKTOP-7F3VJB9" name="com.test.GoogleTest2" tests="1" failures="0" timestamp="2019-10-03T15:58:11 PDT" time="6.566" errors="0">
  <testcase name="googleTitleTest" time="6.566" classname="com.test.GoogleTest2"/>
</testsuite> <!-- com.test.GoogleTest2 -->
