<?xml version="1.0" encoding="UTF-8"?>
<!-- Generated by org.testng.reporters.JUnitReportReporter -->
<testsuite skipped="0" hostname="DESKTOP-7F3VJB9" name="com.test.dataprovider.TestNG8DataProviderTest" tests="1" failures="0" timestamp="2019-10-08T08:54:05 PDT" time="19.143" errors="0">
  <testcase name="findName" time="19.143" classname="com.test.dataprovider.TestNG8DataProviderTest"/>
</testsuite> <!-- com.test.dataprovider.TestNG8DataProviderTest -->
