<?xml version="1.0" encoding="UTF-8"?>
<!-- Generated by org.testng.reporters.JUnitReportReporter -->
<testsuite skipped="0" hostname="DESKTOP-7F3VJB9" name="com.test.TestNG03DependencyTest" tests="3" failures="0" timestamp="2019-10-17T09:26:51 PDT" time="0.015" errors="0">
  <testcase name="loginTest" time="0.013" classname="com.test.TestNG03DependencyTest"/>
  <testcase name="searchPageTest" time="0.001" classname="com.test.TestNG03DependencyTest"/>
  <testcase name="homePageTest" time="0.001" classname="com.test.TestNG03DependencyTest"/>
</testsuite> <!-- com.test.TestNG03DependencyTest -->
