<?xml version="1.0" encoding="UTF-8"?>
<!-- Generated by org.testng.reporters.JUnitReportReporter -->
<testsuite skipped="0" hostname="DESKTOP-7F3VJB9" name="com.test.dataprovider.TestNG8DataProviderW3SchoolsTest" tests="1" failures="0" timestamp="2019-10-08T09:30:16 PDT" time="7.903" errors="0">
  <testcase name="enterRegInfo" time="7.903" classname="com.test.dataprovider.TestNG8DataProviderW3SchoolsTest"/>
</testsuite> <!-- com.test.dataprovider.TestNG8DataProviderW3SchoolsTest -->
