<?xml version="1.0" encoding="UTF-8"?>
<!-- Generated by org.testng.reporters.JUnitReportReporter -->
<testsuite skipped="0" hostname="DESKTOP-7F3VJB9" name="com.test.test12.factoryannotation.factory3.GoogleSearchTestWithFactory" tests="3" failures="0" timestamp="2019-10-31T14:02:33 PDT" time="17.834" errors="0">
  <testcase name="googleSearchTest" time="14.313" classname="com.test.test12.factoryannotation.factory3.GoogleSearchTestWithFactory"/>
  <testcase name="googleSearchTest" time="1.621" classname="com.test.test12.factoryannotation.factory3.GoogleSearchTestWithFactory"/>
  <testcase name="googleSearchTest" time="1.900" classname="com.test.test12.factoryannotation.factory3.GoogleSearchTestWithFactory"/>
</testsuite> <!-- com.test.test12.factoryannotation.factory3.GoogleSearchTestWithFactory -->
