<?xml version="1.0" encoding="UTF-8"?>
<!-- Generated by org.testng.reporters.JUnitReportReporter -->
<testsuite skipped="0" hostname="DESKTOP-7F3VJB9" name="com.test.dataprovider.TestNG10ParameterizedExpresssRegTest" tests="1" failures="0" timestamp="2019-10-10T12:25:21 PDT" time="16.995" errors="0">
  <testcase name="validateCreateNewContact" time="16.995" classname="com.test.dataprovider.TestNG10ParameterizedExpresssRegTest"/>
</testsuite> <!-- com.test.dataprovider.TestNG10ParameterizedExpresssRegTest -->
