<?xml version="1.0" encoding="UTF-8"?>
<!-- Generated by org.testng.reporters.JUnitReportReporter -->
<testsuite skipped="0" hostname="DESKTOP-7F3VJB9" name="com.test.test4.dataprovider.TestNG15WriteIntoXcellTest" tests="1" failures="0" timestamp="2019-10-17T11:21:48 PDT" time="4.108" errors="0">
  <testcase name="validateCreateNewContact" time="4.108" classname="com.test.test4.dataprovider.TestNG15WriteIntoXcellTest"/>
</testsuite> <!-- com.test.test4.dataprovider.TestNG15WriteIntoXcellTest -->
