<?xml version="1.0" encoding="UTF-8"?>
<!-- Generated by org.testng.reporters.JUnitReportReporter -->
<testsuite skipped="0" hostname="DESKTOP-7F3VJB9" name="com.test.dataprovider.TestNG14DataproviderAnnotation" tests="3" failures="0" timestamp="2019-10-10T17:18:24 PDT" time="40.736" errors="0">
  <testcase name="ExpressRegPageTest" time="14.174" classname="com.test.dataprovider.TestNG14DataproviderAnnotation"/>
  <testcase name="ExpressRegPageTest" time="12.445" classname="com.test.dataprovider.TestNG14DataproviderAnnotation"/>
  <testcase name="ExpressRegPageTest" time="14.117" classname="com.test.dataprovider.TestNG14DataproviderAnnotation"/>
</testsuite> <!-- com.test.dataprovider.TestNG14DataproviderAnnotation -->
