<?xml version="1.0" encoding="UTF-8"?>
<!-- Generated by org.testng.reporters.JUnitReportReporter -->
<testsuite skipped="0" hostname="DESKTOP-7F3VJB9" name="com.test.TestNG4InvocationCountTest" tests="10" failures="0" timestamp="2019-10-04T14:47:56 PDT" time="0.018" errors="0">
  <testcase name="sum" time="0.001" classname="com.test.TestNG4InvocationCountTest"/>
  <testcase name="sum" time="0.001" classname="com.test.TestNG4InvocationCountTest"/>
  <testcase name="sum" time="0.001" classname="com.test.TestNG4InvocationCountTest"/>
  <testcase name="sum" time="0.002" classname="com.test.TestNG4InvocationCountTest"/>
  <testcase name="sum" time="0.004" classname="com.test.TestNG4InvocationCountTest"/>
  <testcase name="sum" time="0.001" classname="com.test.TestNG4InvocationCountTest"/>
  <testcase name="sum" time="0.001" classname="com.test.TestNG4InvocationCountTest"/>
  <testcase name="sum" time="0.002" classname="com.test.TestNG4InvocationCountTest"/>
  <testcase name="sum" time="0.003" classname="com.test.TestNG4InvocationCountTest"/>
  <testcase name="sum" time="0.002" classname="com.test.TestNG4InvocationCountTest"/>
</testsuite> <!-- com.test.TestNG4InvocationCountTest -->
