<?xml version="1.0" encoding="UTF-8"?>
<!-- Generated by org.testng.reporters.JUnitReportReporter -->
<testsuite skipped="0" hostname="DESKTOP-7F3VJB9" name="com.test.test11.paralleltest.TestParallelWithDataProvider" tests="2" failures="0" timestamp="2019-10-28T17:04:53 PDT" time="4.054" errors="0">
  <testcase name="doLogin" time="2.027" classname="com.test.test11.paralleltest.TestParallelWithDataProvider"/>
  <testcase name="doLogin" time="2.027" classname="com.test.test11.paralleltest.TestParallelWithDataProvider"/>
</testsuite> <!-- com.test.test11.paralleltest.TestParallelWithDataProvider -->
