<?xml version="1.0" encoding="UTF-8"?>
<!-- Generated by org.testng.reporters.JUnitReportReporter -->
<testsuite skipped="0" hostname="DESKTOP-7F3VJB9" name="com.test.test02.annotations.includeexclude.TestBelongsToSingleGroup" tests="3" failures="0" timestamp="2019-10-29T09:18:13 PDT" time="0.017" errors="0">
  <testcase name="testFour" time="0.013" classname="com.test.test02.annotations.includeexclude.TestBelongsToSingleGroup"/>
  <testcase name="testOne" time="0.003" classname="com.test.test02.annotations.includeexclude.TestBelongsToSingleGroup"/>
  <testcase name="testFour" time="0.001" classname="com.test.test02.annotations.includeexclude.TestBelongsToSingleGroup"/>
</testsuite> <!-- com.test.test02.annotations.includeexclude.TestBelongsToSingleGroup -->
