<?xml version="1.0" encoding="UTF-8"?>
<!-- Generated by org.testng.reporters.JUnitReportReporter -->
<testsuite skipped="0" hostname="DESKTOP-7F3VJB9" name="com.test.test02.annotations.includeexclude.methods.BookHotel" tests="1" failures="0" timestamp="2019-10-29T12:15:27 PDT" time="0.001" errors="0">
  <testcase name="bookHotel__destinationCity_TC1" time="0.001" classname="com.test.test02.annotations.includeexclude.methods.BookHotel"/>
</testsuite> <!-- com.test.test02.annotations.includeexclude.methods.BookHotel -->
