<?xml version="1.0" encoding="UTF-8"?>
<!-- Generated by org.testng.reporters.JUnitReportReporter -->
<testsuite skipped="0" hostname="DESKTOP-7F3VJB9" name="com.test.test11.paralleltest.multithreading2.ParallelMultithreadingTest" tests="2" failures="0" timestamp="2019-10-28T16:51:54 PDT" time="0.024" errors="0">
  <testcase name="test2" time="0.012" classname="com.test.test11.paralleltest.multithreading2.ParallelMultithreadingTest"/>
  <testcase name="test1" time="0.012" classname="com.test.test11.paralleltest.multithreading2.ParallelMultithreadingTest"/>
</testsuite> <!-- com.test.test11.paralleltest.multithreading2.ParallelMultithreadingTest -->
