<?xml version="1.0" encoding="UTF-8"?>
<!-- Generated by org.testng.reporters.JUnitReportReporter -->
<testsuite skipped="0" hostname="DESKTOP-7F3VJB9" name="com.test.test02.annotations.includeexclude.methods.BookHolidayPackage" tests="3" failures="0" timestamp="2019-10-29T12:15:27 PDT" time="0.013" errors="0">
  <testcase name="bookHoliadayPackage__destination_TC1" time="0.001" classname="com.test.test02.annotations.includeexclude.methods.BookHolidayPackage"/>
  <testcase name="bookHoliadayPackage__return_TC3" time="0.001" classname="com.test.test02.annotations.includeexclude.methods.BookHolidayPackage"/>
  <testcase name="bookHoliadayPackage__departure_TC2" time="0.011" classname="com.test.test02.annotations.includeexclude.methods.BookHolidayPackage"/>
</testsuite> <!-- com.test.test02.annotations.includeexclude.methods.BookHolidayPackage -->
