<?xml version="1.0" encoding="UTF-8"?>
<!-- Generated by org.testng.reporters.JUnitReportReporter -->
<testsuite skipped="0" hostname="DESKTOP-7F3VJB9" name="com.test.TestNG2GoogleTest" tests="6" failures="0" timestamp="2019-10-04T16:05:50 PDT" time="40.976" errors="0">
  <testcase name="googleTitleTest" time="6.253" classname="com.test.TestNG2GoogleTest"/>
  <testcase name="googleLogoTest" time="7.024" classname="com.test.TestNG2GoogleTest"/>
  <testcase name="gmailLinkTest" time="6.963" classname="com.test.TestNG2GoogleTest"/>
  <testcase name="imagesLinkTest" time="7.230" classname="com.test.TestNG2GoogleTest"/>
  <testcase name="aboutLinkTest" time="6.079" classname="com.test.TestNG2GoogleTest"/>
  <testcase name="storeLinkTest" time="7.427" classname="com.test.TestNG2GoogleTest"/>
</testsuite> <!-- com.test.TestNG2GoogleTest -->
