<?xml version="1.0" encoding="UTF-8"?>
<!-- Generated by org.testng.reporters.JUnitReportReporter -->
<testsuite skipped="0" hostname="DESKTOP-7F3VJB9" name="com.test.dataprovider.TestNG9DataProviderExpressTest" tests="1" failures="0" timestamp="2019-10-08T13:02:45 PDT" time="43.713" errors="0">
  <testcase name="enterRegInfo" time="43.713" classname="com.test.dataprovider.TestNG9DataProviderExpressTest"/>
</testsuite> <!-- com.test.dataprovider.TestNG9DataProviderExpressTest -->
