<?xml version="1.0" encoding="UTF-8"?>
<!-- Generated by org.testng.reporters.JUnitReportReporter -->
<testsuite skipped="0" hostname="DESKTOP-7F3VJB9" name="com.test.ebay.TestNGEbayTest" tests="1" failures="0" timestamp="2019-10-23T11:06:34 PDT" time="7.483" errors="0">
  <testcase name="searchTest" time="7.483" classname="com.test.ebay.TestNGEbayTest"/>
</testsuite> <!-- com.test.ebay.TestNGEbayTest -->
