<?xml version="1.0" encoding="UTF-8"?>
<!-- Generated by org.testng.reporters.JUnitReportReporter -->
<testsuite skipped="0" hostname="DESKTOP-7F3VJB9" name="com.test.dataprovider.TestNG9ParameterizedExpresssRegTest" tests="1" failures="0" timestamp="2019-10-08T14:19:28 PDT" time="14.808" errors="0">
  <testcase name="enterRegInfo" time="14.808" classname="com.test.dataprovider.TestNG9ParameterizedExpresssRegTest"/>
</testsuite> <!-- com.test.dataprovider.TestNG9ParameterizedExpresssRegTest -->
