<?xml version="1.0" encoding="UTF-8"?>
<!-- Generated by org.testng.reporters.JUnitReportReporter -->
<testsuite skipped="0" hostname="DESKTOP-7F3VJB9" name="com.test.test10.parameterization.dataprovider.TestNG02MultipleDataProvidersLogin" tests="6" failures="0" timestamp="2019-10-24T12:30:16 PDT" time="0.016" errors="0">
  <testcase name="testUserRegDp1" time="0.001" classname="com.test.test10.parameterization.dataprovider.TestNG02MultipleDataProvidersLogin"/>
  <testcase name="testUserRegDp2" time="0.002" classname="com.test.test10.parameterization.dataprovider.TestNG02MultipleDataProvidersLogin"/>
  <testcase name="testLogin" time="0.001" classname="com.test.test10.parameterization.dataprovider.TestNG02MultipleDataProvidersLogin"/>
  <testcase name="testUserRegDp2" time="0.001" classname="com.test.test10.parameterization.dataprovider.TestNG02MultipleDataProvidersLogin"/>
  <testcase name="testLogin" time="0.010" classname="com.test.test10.parameterization.dataprovider.TestNG02MultipleDataProvidersLogin"/>
  <testcase name="testUserRegDp1" time="0.001" classname="com.test.test10.parameterization.dataprovider.TestNG02MultipleDataProvidersLogin"/>
</testsuite> <!-- com.test.test10.parameterization.dataprovider.TestNG02MultipleDataProvidersLogin -->
