<?xml version="1.0" encoding="UTF-8"?>
<!-- Generated by org.testng.reporters.JUnitReportReporter -->
<testsuite skipped="0" hostname="DESKTOP-7F3VJB9" name="com.test.test11.paralleltest.multithreading.GoogleParallelSerchTest" tests="1" failures="0" timestamp="2019-10-28T16:26:15 PDT" time="16.156" errors="0">
  <testcase name="googleParallelSearchTest" time="16.156" classname="com.test.test11.paralleltest.multithreading.GoogleParallelSerchTest"/>
</testsuite> <!-- com.test.test11.paralleltest.multithreading.GoogleParallelSerchTest -->
