<?xml version="1.0" encoding="UTF-8"?>
<!-- Generated by org.testng.reporters.JUnitReportReporter -->
<testsuite skipped="0" hostname="DESKTOP-7F3VJB9" name="com.test.dataprovider.TestNG11Parameterized2DExpresssRegTest" tests="1" failures="0" timestamp="2019-10-11T12:01:50 PDT" time="18.447" errors="0">
  <testcase name="validateCreateNewContact" time="18.447" classname="com.test.dataprovider.TestNG11Parameterized2DExpresssRegTest"/>
</testsuite> <!-- com.test.dataprovider.TestNG11Parameterized2DExpresssRegTest -->
