<?xml version="1.0" encoding="UTF-8"?>
<!-- Generated by org.testng.reporters.JUnitReportReporter -->
<testsuite skipped="1" hostname="DESKTOP-7F3VJB9" name="com.test.test10.parameterization.factory2.Factory1Test" tests="3" failures="0" timestamp="2019-10-29T19:29:27 PDT" time="0.011" errors="0">
  <testcase name="Factory1Method_TC3" time="0.001" classname="com.test.test10.parameterization.factory2.Factory1Test"/>
  <testcase name="Factory1Method_TC2" time="0.010" classname="com.test.test10.parameterization.factory2.Factory1Test"/>
  <testcase name="Factory1Method_TC1" classname="com.test.test10.parameterization.factory2.Factory1Test">
    <skipped/>
  </testcase> <!-- Factory1Method_TC1 -->
</testsuite> <!-- com.test.test10.parameterization.factory2.Factory1Test -->
