<?xml version="1.0" encoding="UTF-8"?>
<!-- Generated by org.testng.reporters.JUnitReportReporter -->
<testsuite skipped="0" hostname="DESKTOP-7F3VJB9" name="com.test.test11.paralleltest.xmlthreadcount.ParallelMultithreadingTest" tests="2" failures="0" timestamp="2019-10-28T17:25:01 PDT" time="21.950" errors="0">
  <testcase name="test1" time="9.612" classname="com.test.test11.paralleltest.xmlthreadcount.ParallelMultithreadingTest"/>
  <testcase name="test2" time="12.338" classname="com.test.test11.paralleltest.xmlthreadcount.ParallelMultithreadingTest"/>
</testsuite> <!-- com.test.test11.paralleltest.xmlthreadcount.ParallelMultithreadingTest -->
