<?xml version="1.0" encoding="UTF-8"?>
<!-- Generated by org.testng.reporters.JUnitReportReporter -->
<testsuite skipped="0" hostname="DESKTOP-7F3VJB9" name="com.test.test02.annotationsassertions.AssertionsPriorityGroupGoogleTest" tests="6" failures="0" timestamp="2019-10-23T11:23:29 PDT" time="0.237" errors="0">
  <testcase name="googleTitleTest" time="0.013" classname="com.test.test02.annotationsassertions.AssertionsPriorityGroupGoogleTest"/>
  <testcase name="googleLogoTest" time="0.070" classname="com.test.test02.annotationsassertions.AssertionsPriorityGroupGoogleTest"/>
  <testcase name="gmailLinkTest" time="0.053" classname="com.test.test02.annotationsassertions.AssertionsPriorityGroupGoogleTest"/>
  <testcase name="imagesLinkTest" time="0.036" classname="com.test.test02.annotationsassertions.AssertionsPriorityGroupGoogleTest"/>
  <testcase name="aboutLinkTest" time="0.032" classname="com.test.test02.annotationsassertions.AssertionsPriorityGroupGoogleTest"/>
  <testcase name="storeLinkTest" time="0.033" classname="com.test.test02.annotationsassertions.AssertionsPriorityGroupGoogleTest"/>
</testsuite> <!-- com.test.test02.annotationsassertions.AssertionsPriorityGroupGoogleTest -->
