<?xml version="1.0" encoding="UTF-8"?>
<!-- Generated by org.testng.reporters.JUnitReportReporter -->
<testsuite skipped="0" hostname="DESKTOP-7F3VJB9" name="com.test.test01.annotations.sequence.TestCase1" tests="2" failures="0" timestamp="2019-10-29T12:32:04 PDT" time="0.003" errors="0">
  <testcase name="doUserRegistration" time="0.002" classname="com.test.test01.annotations.sequence.TestCase1"/>
  <testcase name="doLogin" time="0.001" classname="com.test.test01.annotations.sequence.TestCase1"/>
</testsuite> <!-- com.test.test01.annotations.sequence.TestCase1 -->
