<?xml version="1.0" encoding="UTF-8"?>
<!-- Generated by org.testng.reporters.JUnitReportReporter -->
<testsuite skipped="0" hostname="DESKTOP-7F3VJB9" name="com.test.TestNG3DependencyTest" tests="3" failures="0" timestamp="2019-10-04T14:47:56 PDT" time="0.007" errors="0">
  <testcase name="homePageTest" time="0.003" classname="com.test.TestNG3DependencyTest"/>
  <testcase name="searchPageTest" time="0.002" classname="com.test.TestNG3DependencyTest"/>
  <testcase name="loginTest" time="0.002" classname="com.test.TestNG3DependencyTest"/>
</testsuite> <!-- com.test.TestNG3DependencyTest -->
