<?xml version="1.0" encoding="UTF-8"?>
<!-- Generated by org.testng.reporters.JUnitReportReporter -->
<testsuite skipped="0" hostname="DESKTOP-7F3VJB9" name="com.test.test11.paralleltest.multithreading.GoogleParallelSerchTest" tests="2" failures="0" timestamp="2019-10-28T17:12:31 PDT" time="33.070" errors="0">
  <testcase name="googleParallelSearchTest" time="16.150" classname="com.test.test11.paralleltest.multithreading.GoogleParallelSerchTest"/>
  <testcase name="googleParallelSearchTest" time="16.920" classname="com.test.test11.paralleltest.multithreading.GoogleParallelSerchTest"/>
</testsuite> <!-- com.test.test11.paralleltest.multithreading.GoogleParallelSerchTest -->
