<?xml version="1.0" encoding="UTF-8"?>
<!-- Generated by org.testng.reporters.JUnitReportReporter -->
<testsuite skipped="0" hostname="DESKTOP-7F3VJB9" name="com.test.test11.paralleltest.TestInvocationCountThreadPoolSize" tests="11" failures="0" timestamp="2019-10-28T17:03:00 PDT" time="106.488" errors="0">
  <testcase name="googleTitleTest" time="10.328" classname="com.test.test11.paralleltest.TestInvocationCountThreadPoolSize"/>
  <testcase name="googleTitleTest" time="10.364" classname="com.test.test11.paralleltest.TestInvocationCountThreadPoolSize"/>
  <testcase name="googleTitleTest" time="7.239" classname="com.test.test11.paralleltest.TestInvocationCountThreadPoolSize"/>
  <testcase name="googleLogoTest" time="10.746" classname="com.test.test11.paralleltest.TestInvocationCountThreadPoolSize"/>
  <testcase name="googleTitleTest" time="7.328" classname="com.test.test11.paralleltest.TestInvocationCountThreadPoolSize"/>
  <testcase name="googleTitleTest" time="7.491" classname="com.test.test11.paralleltest.TestInvocationCountThreadPoolSize"/>
  <testcase name="gmailLinkTest" time="10.097" classname="com.test.test11.paralleltest.TestInvocationCountThreadPoolSize"/>
  <testcase name="gmailLinkTest" time="12.637" classname="com.test.test11.paralleltest.TestInvocationCountThreadPoolSize"/>
  <testcase name="gmailLinkTest" time="12.167" classname="com.test.test11.paralleltest.TestInvocationCountThreadPoolSize"/>
  <testcase name="gmailLinkTest" time="9.221" classname="com.test.test11.paralleltest.TestInvocationCountThreadPoolSize"/>
  <testcase name="gmailLinkTest" time="8.870" classname="com.test.test11.paralleltest.TestInvocationCountThreadPoolSize"/>
</testsuite> <!-- com.test.test11.paralleltest.TestInvocationCountThreadPoolSize -->
