<?xml version="1.0" encoding="UTF-8"?>
<!-- Generated by org.testng.reporters.JUnitReportReporter -->
<testsuite skipped="0" hostname="DESKTOP-7F3VJB9" name="com.test.dataprovider.writexcel.TestNG18WriteWebTableIntoXcel" tests="5" failures="0" timestamp="2019-10-17T10:49:34 PDT" time="8.386" errors="0">
  <testcase name="writeContactColumnIntoXcelTest" time="1.820" classname="com.test.dataprovider.writexcel.TestNG18WriteWebTableIntoXcel"/>
  <testcase name="writeTableIntoXcelNestedForLoopTest" time="2.944" classname="com.test.dataprovider.writexcel.TestNG18WriteWebTableIntoXcel"/>
  <testcase name="writeCompanyColumnIntoXcelTest" time="1.619" classname="com.test.dataprovider.writexcel.TestNG18WriteWebTableIntoXcel"/>
  <testcase name="writeTableIntoXcelSingleForLoopTest" time="1.300" classname="com.test.dataprovider.writexcel.TestNG18WriteWebTableIntoXcel"/>
  <testcase name="writeCountryColumnIntoXcelTest" time="0.703" classname="com.test.dataprovider.writexcel.TestNG18WriteWebTableIntoXcel"/>
</testsuite> <!-- com.test.dataprovider.writexcel.TestNG18WriteWebTableIntoXcel -->
