<?xml version="1.0" encoding="UTF-8"?>
<!-- Generated by org.testng.reporters.JUnitReportReporter -->
<testsuite skipped="0" hostname="DESKTOP-7F3VJB9" name="com.test.test4.dataprovider.TestNG12DataproviderAnnotation" tests="3" failures="0" timestamp="2019-10-17T11:20:23 PDT" time="2.708" errors="0">
  <testcase name="expressRegPageTest" time="0.921" classname="com.test.test4.dataprovider.TestNG12DataproviderAnnotation"/>
  <testcase name="expressRegPageTest" time="0.946" classname="com.test.test4.dataprovider.TestNG12DataproviderAnnotation"/>
  <testcase name="expressRegPageTest" time="0.841" classname="com.test.test4.dataprovider.TestNG12DataproviderAnnotation"/>
</testsuite> <!-- com.test.test4.dataprovider.TestNG12DataproviderAnnotation -->
