<?xml version="1.0" encoding="UTF-8"?>
<!-- Generated by org.testng.reporters.JUnitReportReporter -->
<testsuite skipped="0" hostname="DESKTOP-7F3VJB9" name="com.test.test10.parameterization.xcel.reading.TestNG02ParameterizationExcelHashtable" tests="7" failures="0" timestamp="2019-10-24T11:42:52 PDT" time="0.016" errors="0">
  <testcase name="testData" time="0.001" classname="com.test.test10.parameterization.xcel.reading.TestNG02ParameterizationExcelHashtable"/>
  <testcase name="testData" time="0.001" classname="com.test.test10.parameterization.xcel.reading.TestNG02ParameterizationExcelHashtable"/>
  <testcase name="testData" time="0.001" classname="com.test.test10.parameterization.xcel.reading.TestNG02ParameterizationExcelHashtable"/>
  <testcase name="testData" time="0.009" classname="com.test.test10.parameterization.xcel.reading.TestNG02ParameterizationExcelHashtable"/>
  <testcase name="testData" time="0.001" classname="com.test.test10.parameterization.xcel.reading.TestNG02ParameterizationExcelHashtable"/>
  <testcase name="testData" time="0.001" classname="com.test.test10.parameterization.xcel.reading.TestNG02ParameterizationExcelHashtable"/>
  <testcase name="testData" time="0.002" classname="com.test.test10.parameterization.xcel.reading.TestNG02ParameterizationExcelHashtable"/>
</testsuite> <!-- com.test.test10.parameterization.xcel.reading.TestNG02ParameterizationExcelHashtable -->
