<?xml version="1.0" encoding="UTF-8"?>
<!-- Generated by org.testng.reporters.JUnitReportReporter -->
<testsuite skipped="0" hostname="DESKTOP-7F3VJB9" name="com.test.test10.parameterization.xcel.reading.TestNG10Parameterized1DExpressRegTest" tests="1" failures="0" timestamp="2019-10-28T12:37:43 PDT" time="6.991" errors="0">
  <testcase name="validateCreateNewContact" time="6.991" classname="com.test.test10.parameterization.xcel.reading.TestNG10Parameterized1DExpressRegTest"/>
</testsuite> <!-- com.test.test10.parameterization.xcel.reading.TestNG10Parameterized1DExpressRegTest -->
