<?xml version="1.0" encoding="UTF-8"?>
<!-- Generated by org.testng.reporters.JUnitReportReporter -->
<testsuite skipped="0" hostname="DESKTOP-7F3VJB9" name="com.test.dataprovider.TestNG10Parameterized1DExpressRegTest" tests="1" failures="0" timestamp="2019-10-10T15:58:37 PDT" time="16.367" errors="0">
  <testcase name="validateCreateNewContact" time="16.367" classname="com.test.dataprovider.TestNG10Parameterized1DExpressRegTest"/>
</testsuite> <!-- com.test.dataprovider.TestNG10Parameterized1DExpressRegTest -->
