<?xml version="1.0" encoding="UTF-8"?>
<!-- Generated by org.testng.reporters.JUnitReportReporter -->
<testsuite skipped="0" hostname="DESKTOP-7F3VJB9" name="com.test.dataprovider.TestNG14MyDataProviderIterators" tests="3" failures="0" timestamp="2019-10-14T15:33:48 PDT" time="3.664" errors="0">
  <testcase name="expressRegPageTest" time="1.096" classname="com.test.dataprovider.TestNG14MyDataProviderIterators"/>
  <testcase name="expressRegPageTest" time="1.404" classname="com.test.dataprovider.TestNG14MyDataProviderIterators"/>
  <testcase name="expressRegPageTest" time="1.164" classname="com.test.dataprovider.TestNG14MyDataProviderIterators"/>
</testsuite> <!-- com.test.dataprovider.TestNG14MyDataProviderIterators -->
