<?xml version="1.0" encoding="UTF-8"?>
<!-- Generated by org.testng.reporters.JUnitReportReporter -->
<testsuite skipped="0" hostname="DESKTOP-7F3VJB9" name="com.test.test11.paralleltest.TestInvocationCountThreadPoolSize" tests="11" failures="0" timestamp="2019-10-24T14:25:53 PDT" time="170.224" errors="0">
  <testcase name="googleTitleTest" time="23.935" classname="com.test.test11.paralleltest.TestInvocationCountThreadPoolSize"/>
  <testcase name="gmailLinkTest" time="8.029" classname="com.test.test11.paralleltest.TestInvocationCountThreadPoolSize"/>
  <testcase name="googleLogoTest" time="7.726" classname="com.test.test11.paralleltest.TestInvocationCountThreadPoolSize"/>
  <testcase name="googleTitleTest" time="23.655" classname="com.test.test11.paralleltest.TestInvocationCountThreadPoolSize"/>
  <testcase name="googleTitleTest" time="7.163" classname="com.test.test11.paralleltest.TestInvocationCountThreadPoolSize"/>
  <testcase name="googleTitleTest" time="8.971" classname="com.test.test11.paralleltest.TestInvocationCountThreadPoolSize"/>
  <testcase name="gmailLinkTest" time="8.246" classname="com.test.test11.paralleltest.TestInvocationCountThreadPoolSize"/>
  <testcase name="gmailLinkTest" time="22.861" classname="com.test.test11.paralleltest.TestInvocationCountThreadPoolSize"/>
  <testcase name="gmailLinkTest" time="24.325" classname="com.test.test11.paralleltest.TestInvocationCountThreadPoolSize"/>
  <testcase name="googleTitleTest" time="23.400" classname="com.test.test11.paralleltest.TestInvocationCountThreadPoolSize"/>
  <testcase name="gmailLinkTest" time="11.913" classname="com.test.test11.paralleltest.TestInvocationCountThreadPoolSize"/>
</testsuite> <!-- com.test.test11.paralleltest.TestInvocationCountThreadPoolSize -->
