<?xml version="1.0" encoding="UTF-8"?>
<!-- Generated by org.testng.reporters.JUnitReportReporter -->
<testsuite skipped="0" hostname="DESKTOP-7F3VJB9" name="com.test.dataprovider.TestNG09DataProviderExpressTest" tests="1" failures="0" timestamp="2019-10-10T12:30:51 PDT" time="34.929" errors="0">
  <testcase name="enterRegInfo" time="34.929" classname="com.test.dataprovider.TestNG09DataProviderExpressTest"/>
</testsuite> <!-- com.test.dataprovider.TestNG09DataProviderExpressTest -->
